# JRE version: Java(TM) SE Runtime Environment (8.0_201-b09) (build 1.8.0_201-b09)
# Java VM: Java HotSpot(TM) 64-Bit Server VM (25.201-b09 mixed mode windows-amd64 compressed oops)
Heap:
 PSYoungGen      total 498688K, used 154499K [0x00000000d5f80000, 0x00000000fcd00000, 0x0000000100000000)
  eden space 368640K, 41% used [0x00000000d5f80000,0x00000000df4bd3a0,0x00000000ec780000)
  from space 130048K, 1% used [0x00000000ec780000,0x00000000ec923890,0x00000000f4680000)
  to   space 131584K, 0% used [0x00000000f4c80000,0x00000000f4c80000,0x00000000fcd00000)
 ParOldGen       total 1377792K, used 759905K [0x0000000081e00000, 0x00000000d5f80000, 0x00000000d5f80000)
  object space 1377792K, 55% used [0x0000000081e00000,0x00000000b0418490,0x00000000d5f80000)
 Metaspace       used 57872K, capacity 58684K, committed 59648K, reserved 1101824K
  class space    used 7276K, capacity 7471K, committed 7680K, reserved 1048576K
GC Heap History (10 events):
Event: 58907.388 GC heap before
{Heap before GC invocations=293 (full 39):
 PSYoungGen      total 488448K, used 375028K [0x00000000d5f80000, 0x00000000fc680000, 0x0000000100000000)
  eden space 356352K, 96% used [0x00000000d5f80000,0x00000000eaf10d30,0x00000000ebb80000)
  from space 132096K, 23% used [0x00000000f4580000,0x00000000f642c400,0x00000000fc680000)
  to   space 136704K, 0% used [0x00000000ebb80000,0x00000000ebb80000,0x00000000f4100000)
 ParOldGen       total 1377792K, used 759817K [0x0000000081e00000, 0x00000000d5f80000, 0x00000000d5f80000)
  object space 1377792K, 55% used [0x0000000081e00000,0x00000000b0402490,0x00000000d5f80000)
 Metaspace       used 57709K, capacity 58460K, committed 59648K, reserved 1101824K
  class space    used 7270K, capacity 7439K, committed 7680K, reserved 1048576K
Event: 58907.402 GC heap after
Heap after GC invocations=293 (full 39):
 PSYoungGen      total 493056K, used 102371K [0x00000000d5f80000, 0x00000000fe100000, 0x0000000100000000)
  eden space 356352K, 0% used [0x00000000d5f80000,0x00000000d5f80000,0x00000000ebb80000)
  from space 136704K, 74% used [0x00000000ebb80000,0x00000000f1f78cc0,0x00000000f4100000)
  to   space 145920K, 0% used [0x00000000f5280000,0x00000000f5280000,0x00000000fe100000)
 ParOldGen       total 1377792K, used 759817K [0x0000000081e00000, 0x00000000d5f80000, 0x00000000d5f80000)
  object space 1377792K, 55% used [0x0000000081e00000,0x00000000b0402490,0x00000000d5f80000)
 Metaspace       used 57709K, capacity 58460K, committed 59648K, reserved 1101824K
  class space    used 7270K, capacity 7439K, committed 7680K, reserved 1048576K
}
Event: 59053.620 GC heap before
{Heap before GC invocations=294 (full 39):
 PSYoungGen      total 493056K, used 458723K [0x00000000d5f80000, 0x00000000fe100000, 0x0000000100000000)
  eden space 356352K, 100% used [0x00000000d5f80000,0x00000000ebb80000,0x00000000ebb80000)
  from space 136704K, 74% used [0x00000000ebb80000,0x00000000f1f78cc0,0x00000000f4100000)
  to   space 145920K, 0% used [0x00000000f5280000,0x00000000f5280000,0x00000000fe100000)
 ParOldGen       total 1377792K, used 759817K [0x0000000081e00000, 0x00000000d5f80000, 0x00000000d5f80000)
  object space 1377792K, 55% used [0x0000000081e00000,0x00000000b0402490,0x00000000d5f80000)
 Metaspace       used 57709K, capacity 58460K, committed 59648K, reserved 1101824K
  class space    used 7270K, capacity 7439K, committed 7680K, reserved 1048576K
Event: 59053.634 GC heap after
Heap after GC invocations=294 (full 39):
 PSYoungGen      total 508928K, used 629K [0x00000000d5f80000, 0x00000000fe200000, 0x0000000100000000)
  eden space 363008K, 0% used [0x00000000d5f80000,0x00000000d5f80000,0x00000000ec200000)
  from space 145920K, 0% used [0x00000000f5280000,0x00000000f531d4a0,0x00000000fe100000)
  to   space 147456K, 0% used [0x00000000ec200000,0x00000000ec200000,0x00000000f5200000)
 ParOldGen       total 1377792K, used 759817K [0x0000000081e00000, 0x00000000d5f80000, 0x00000000d5f80000)
  object space 1377792K, 55% used [0x0000000081e00000,0x00000000b0402490,0x00000000d5f80000)
 Metaspace       used 57709K, capacity 58460K, committed 59648K, reserved 1101824K
  class space    used 7270K, capacity 7439K, committed 7680K, reserved 1048576K
}
Event: 59912.621 GC heap before
{Heap before GC invocations=295 (full 39):
 PSYoungGen      total 508928K, used 345369K [0x00000000d5f80000, 0x00000000fe200000, 0x0000000100000000)
  eden space 363008K, 94% used [0x00000000d5f80000,0x00000000eb029100,0x00000000ec200000)
  from space 145920K, 0% used [0x00000000f5280000,0x00000000f531d4a0,0x00000000fe100000)
  to   space 147456K, 0% used [0x00000000ec200000,0x00000000ec200000,0x00000000f5200000)
 ParOldGen       total 1377792K, used 759817K [0x0000000081e00000, 0x00000000d5f80000, 0x00000000d5f80000)
  object space 1377792K, 55% used [0x0000000081e00000,0x00000000b0402490,0x00000000d5f80000)
 Metaspace       used 57709K, capacity 58460K, committed 59648K, reserved 1101824K
  class space    used 7270K, capacity 7439K, committed 7680K, reserved 1048576K
Event: 59912.631 GC heap after
Heap after GC invocations=295 (full 39):
 PSYoungGen      total 418304K, used 54969K [0x00000000d5f80000, 0x00000000fd500000, 0x0000000100000000)
  eden space 363008K, 0% used [0x00000000d5f80000,0x00000000d5f80000,0x00000000ec200000)
  from space 55296K, 99% used [0x00000000ec200000,0x00000000ef7ae690,0x00000000ef800000)
  to   space 138240K, 0% used [0x00000000f4e00000,0x00000000f4e00000,0x00000000fd500000)
 ParOldGen       total 1377792K, used 759817K [0x0000000081e00000, 0x00000000d5f80000, 0x00000000d5f80000)
  object space 1377792K, 55% used [0x0000000081e00000,0x00000000b0402490,0x00000000d5f80000)
 Metaspace       used 57709K, capacity 58460K, committed 59648K, reserved 1101824K
  class space    used 7270K, capacity 7439K, committed 7680K, reserved 1048576K
}
Event: 59913.145 GC heap before
{Heap before GC invocations=296 (full 39):
 PSYoungGen      total 418304K, used 417977K [0x00000000d5f80000, 0x00000000fd500000, 0x0000000100000000)
  eden space 363008K, 100% used [0x00000000d5f80000,0x00000000ec200000,0x00000000ec200000)
  from space 55296K, 99% used [0x00000000ec200000,0x00000000ef7ae690,0x00000000ef800000)
  to   space 138240K, 0% used [0x00000000f4e00000,0x00000000f4e00000,0x00000000fd500000)
 ParOldGen       total 1377792K, used 759817K [0x0000000081e00000, 0x00000000d5f80000, 0x00000000d5f80000)
  object space 1377792K, 55% used [0x0000000081e00000,0x00000000b0402490,0x00000000d5f80000)
 Metaspace       used 57709K, capacity 58460K, committed 59648K, reserved 1101824K
  class space    used 7270K, capacity 7439K, committed 7680K, reserved 1048576K
Event: 59913.153 GC heap after
Heap after GC invocations=296 (full 39):
 PSYoungGen      total 491008K, used 54777K [0x00000000d5f80000, 0x00000000fc580000, 0x0000000100000000)
  eden space 368640K, 0% used [0x00000000d5f80000,0x00000000d5f80000,0x00000000ec780000)
  from space 122368K, 44% used [0x00000000f4e00000,0x00000000f837e690,0x00000000fc580000)
  to   space 130048K, 0% used [0x00000000ec780000,0x00000000ec780000,0x00000000f4680000)
 ParOldGen       total 1377792K, used 759873K [0x0000000081e00000, 0x00000000d5f80000, 0x00000000d5f80000)
  object space 1377792K, 55% used [0x0000000081e00000,0x00000000b0410490,0x00000000d5f80000)
 Metaspace       used 57709K, capacity 58460K, committed 59648K, reserved 1101824K
  class space    used 7270K, capacity 7439K, committed 7680K, reserved 1048576K
}
Event: 61316.904 GC heap before
{Heap before GC invocations=297 (full 39):
 PSYoungGen      total 491008K, used 423417K [0x00000000d5f80000, 0x00000000fc580000, 0x0000000100000000)
  eden space 368640K, 100% used [0x00000000d5f80000,0x00000000ec780000,0x00000000ec780000)
  from space 122368K, 44% used [0x00000000f4e00000,0x00000000f837e690,0x00000000fc580000)
  to   space 130048K, 0% used [0x00000000ec780000,0x00000000ec780000,0x00000000f4680000)
 ParOldGen       total 1377792K, used 759873K [0x0000000081e00000, 0x00000000d5f80000, 0x00000000d5f80000)
  object space 1377792K, 55% used [0x0000000081e00000,0x00000000b0410490,0x00000000d5f80000)
 Metaspace       used 57709K, capacity 58460K, committed 59648K, reserved 1101824K
  class space    used 7270K, capacity 7439K, committed 7680K, reserved 1048576K
Event: 61316.908 GC heap after
Heap after GC invocations=297 (full 39):
 PSYoungGen      total 498688K, used 1678K [0x00000000d5f80000, 0x00000000fcd00000, 0x0000000100000000)
  eden space 368640K, 0% used [0x00000000d5f80000,0x00000000d5f80000,0x00000000ec780000)
  from space 130048K, 1% used [0x00000000ec780000,0x00000000ec923890,0x00000000f4680000)
  to   space 131584K, 0% used [0x00000000f4c80000,0x00000000f4c80000,0x00000000fcd00000)
 ParOldGen       total 1377792K, used 759905K [0x0000000081e00000, 0x00000000d5f80000, 0x00000000d5f80000)
  object space 1377792K, 55% used [0x0000000081e00000,0x00000000b0418490,0x00000000d5f80000)
 Metaspace       used 57709K, capacity 58460K, committed 59648K, reserved 1101824K
  class space    used 7270K, capacity 7439K, committed 7680K, reserved 1048576K
}

